This is pdfTeX, Version 3.141592653-2.6-1.40.24 (MiKTeX 22.12) (preloaded format=pdflatex 2023.8.12)  11 JAN 2025 10:29
entering extended mode
 restricted \write18 enabled.
 %&-line parsing enabled.
**q
(C:\Users\Lou\AppData\Local\Programs\MiKTeX\tex/latex/tools\q.tex
LaTeX2e <2022-11-01> patch level 1
L3 programming layer <2022-12-17> File ignored
)
! Emergency stop.
<*> q
     
*** (job aborted, no legal \end found)

 
Here is how much of TeX's memory you used:
 18 strings out of 476406
 487 string characters out of 2790511
 1848787 words of memory out of 3000000
 20478 multiletter control sequences out of 15000+600000
 512287 words of font info for 32 fonts, out of 8000000 for 9000
 1141 hyphenation exceptions out of 8191
 13i,0n,12p,81b,10s stack positions out of 10000i,1000n,20000p,200000b,80000s
!  ==> Fatal error occurred, no output PDF file produced!
